[2019-01-15 09:40:47] Текст ошибки: Страница не найдена| Файл:C:\xampp\htdocs\myproject\public\index.php|Строка:48

============

[2019-01-15 09:40:48] Текст ошибки: Страница не найдена| Файл:C:\xampp\htdocs\myproject\public\index.php|Строка:48

============

[2019-01-15 09:40:49] Текст ошибки: Страница не найдена| Файл:C:\xampp\htdocs\myproject\public\index.php|Строка:48
============

[2019-01-15 09:43:56] Текст ошибки: Страница не найдена| Файл:C:\xampp\htdocs\myproject\public\index.php|Строка:48

============

[2019-01-15 09:43:57] Текст ошибки: Страница не найдена| Файл:C:\xampp\htdocs\myproject\public\index.php|Строка:48

============

[2019-01-15 09:43:58] Текст ошибки: Страница не найдена| Файл:C:\xampp\htdocs\myproject\public\index.php|Строка:48

============

[2019-01-15 09:44:05] Текст ошибки: Страница не найдена| Файл:C:\xampp\htdocs\myproject\public\index.php|Строка:48

============

[2019-01-15 09:44:05] Текст ошибки: Страница не найдена| Файл:C:\xampp\htdocs\myproject\public\index.php|Строка:48

============

[2019-01-15 09:44:06] Текст ошибки: Страница не найдена| Файл:C:\xampp\htdocs\myproject\public\index.php|Строка:48

============

[2019-01-15 09:44:07] Текст ошибки: Страница не найдена| Файл:C:\xampp\htdocs\myproject\public\index.php|Строка:48

============

[2019-01-15 09:44:07] Текст ошибки: Страница не найдена| Файл:C:\xampp\htdocs\myproject\public\index.php|Строка:48

============

[2019-01-15 09:44:08] Текст ошибки: Страница не найдена| Файл:C:\xampp\htdocs\myproject\public\index.php|Строка:48

============

[2019-01-15 09:44:08] Текст ошибки: Страница не найдена| Файл:C:\xampp\htdocs\myproject\public\index.php|Строка:48

============

[2019-01-15 09:44:08] Текст ошибки: Страница не найдена| Файл:C:\xampp\htdocs\myproject\public\index.php|Строка:48

============

[2019-01-15 09:44:09] Текст ошибки: Страница не найдена| Файл:C:\xampp\htdocs\myproject\public\index.php|Строка:48

============
[2019-01-15 09:45:59] Текст ошибки: Страница не найдена| Файл:C:\xampp\htdocs\myproject\public\index.php|Строка:48
============
[2019-01-15 09:46:00] Текст ошибки: Страница не найдена| Файл:C:\xampp\htdocs\myproject\public\index.php|Строка:48
============
[2019-01-15 09:55:42] Текст ошибки: Страница не найдена| Файл:C:\xampp\htdocs\myproject\public\index.php|Строка:48
============
[2019-01-15 09:55:53] Текст ошибки: Страница не найдена| Файл:C:\xampp\htdocs\myproject\public\index.php|Строка:48
============
[2019-01-15 09:56:01] Текст ошибки: Страница не найдена| Файл:C:\xampp\htdocs\myproject\public\index.php|Строка:48
============
[2019-01-15 15:36:39] Текст ошибки: Class 'project\Exception' not found| Файл:C:\xampp\htdocs\myproject\vendor\project\core\Router.php|Строка:38
============
[2019-01-15 15:37:11] Текст ошибки: Страница не найдена| Файл:C:\xampp\htdocs\myproject\vendor\project\core\Router.php|Строка:38
============
[2019-01-15 15:38:52] Текст ошибки: Страница не найдена| Файл:C:\xampp\htdocs\myproject\vendor\project\core\Router.php|Строка:38
============
[2019-01-15 15:39:40] Текст ошибки: Страница не найдена| Файл:C:\xampp\htdocs\myproject\vendor\project\core\Router.php|Строка:38
============
[2019-01-15 16:03:22] Текст ошибки: Страница не найдена| Файл:C:\xampp\htdocs\myproject\vendor\project\core\Router.php|Строка:45
============
[2019-01-15 16:08:52] Текст ошибки: Class 'project\Exception' not found| Файл:C:\xampp\htdocs\myproject\vendor\project\core\Router.php|Строка:41
============
[2019-01-15 16:09:22] Текст ошибки: Контроллер app\controllers\HomeControllerController не найден| Файл:C:\xampp\htdocs\myproject\vendor\project\core\Router.php|Строка:41
============
[2019-01-15 16:16:03] Текст ошибки: Class 'app\controllers\Model' not found| Файл:C:\xampp\htdocs\myproject\app\controllers\HomeController.php|Строка:9
============
[2019-01-15 16:16:23] Текст ошибки: Class 'app\controllers\Model' not found| Файл:C:\xampp\htdocs\myproject\app\controllers\HomeController.php|Строка:9
============
[2019-01-15 16:16:25] Текст ошибки: Class 'app\controllers\Model' not found| Файл:C:\xampp\htdocs\myproject\app\controllers\HomeController.php|Строка:9
============
[2019-01-15 16:18:32] Текст ошибки: Страница не найдена| Файл:C:\xampp\htdocs\myproject\vendor\project\core\Router.php|Строка:44
============
[2019-01-15 16:21:36] Текст ошибки: Страница не найдена| Файл:C:\xampp\htdocs\myproject\vendor\project\core\Router.php|Строка:45
============
[2019-01-15 16:21:58] Текст ошибки: Страница не найдена| Файл:C:\xampp\htdocs\myproject\vendor\project\core\Router.php|Строка:45
============
[2019-01-15 16:23:17] Текст ошибки: Страница не найдена| Файл:C:\xampp\htdocs\myproject\vendor\project\core\Router.php|Строка:45
============
[2019-01-15 16:28:43] Текст ошибки: Страница не найдена| Файл:C:\xampp\htdocs\myproject\vendor\project\core\Router.php|Строка:45
============
[2019-01-15 16:28:44] Текст ошибки: Страница не найдена| Файл:C:\xampp\htdocs\myproject\vendor\project\core\Router.php|Строка:45
============
[2019-01-15 16:34:59] Текст ошибки: Страница не найдена| Файл:C:\xampp\htdocs\myproject\vendor\project\core\Router.php|Строка:47
============
[2019-01-15 16:34:59] Текст ошибки: Страница не найдена| Файл:C:\xampp\htdocs\myproject\vendor\project\core\Router.php|Строка:47
============
[2019-01-15 16:38:13] Текст ошибки: Страница не найдена| Файл:C:\xampp\htdocs\myproject\vendor\project\core\Router.php|Строка:46
============
[2019-01-15 16:38:17] Текст ошибки: Страница не найдена| Файл:C:\xampp\htdocs\myproject\vendor\project\core\Router.php|Строка:46
============
[2019-01-15 16:40:17] Текст ошибки: Страница не найдена| Файл:C:\xampp\htdocs\myproject\vendor\project\core\Router.php|Строка:46
============
[2019-01-15 16:40:19] Текст ошибки: Страница не найдена| Файл:C:\xampp\htdocs\myproject\vendor\project\core\Router.php|Строка:46
============
[2019-01-15 16:40:29] Текст ошибки: Страница не найдена| Файл:C:\xampp\htdocs\myproject\vendor\project\core\Router.php|Строка:46
============
[2019-01-15 16:40:50] Текст ошибки: Страница не найдена| Файл:C:\xampp\htdocs\myproject\vendor\project\core\Router.php|Строка:46
============
[2019-01-15 16:40:53] Текст ошибки: Страница не найдена| Файл:C:\xampp\htdocs\myproject\vendor\project\core\Router.php|Строка:46
============
[2019-01-15 16:40:57] Текст ошибки: Страница не найдена| Файл:C:\xampp\htdocs\myproject\vendor\project\core\Router.php|Строка:46
============
[2019-01-15 16:41:22] Текст ошибки: Страница не найдена| Файл:C:\xampp\htdocs\myproject\vendor\project\core\Router.php|Строка:46
============
[2019-01-15 16:45:43] Текст ошибки: Страница не найдена| Файл:C:\xampp\htdocs\myproject\vendor\project\core\Router.php|Строка:45
============
[2019-01-15 16:45:49] Текст ошибки: Страница не найдена| Файл:C:\xampp\htdocs\myproject\vendor\project\core\Router.php|Строка:45
============
[2019-01-15 16:45:56] Текст ошибки: Страница не найдена| Файл:C:\xampp\htdocs\myproject\vendor\project\core\Router.php|Строка:45
============
[2019-01-15 16:46:43] Текст ошибки: Страница не найдена| Файл:C:\xampp\htdocs\myproject\vendor\project\core\Router.php|Строка:45
============
[2019-01-15 16:46:48] Текст ошибки: Страница не найдена| Файл:C:\xampp\htdocs\myproject\vendor\project\core\Router.php|Строка:45
============
[2019-01-15 16:47:14] Текст ошибки: Страница не найдена| Файл:C:\xampp\htdocs\myproject\vendor\project\core\Router.php|Строка:45
============
[2019-01-15 16:48:22] Текст ошибки: Страница не найдена| Файл:C:\xampp\htdocs\myproject\vendor\project\core\Router.php|Строка:45
============
[2019-01-15 16:48:26] Текст ошибки: Страница не найдена| Файл:C:\xampp\htdocs\myproject\vendor\project\core\Router.php|Строка:45
============
[2019-01-15 16:48:27] Текст ошибки: Страница не найдена| Файл:C:\xampp\htdocs\myproject\vendor\project\core\Router.php|Строка:45
============
[2019-01-15 16:48:27] Текст ошибки: Страница не найдена| Файл:C:\xampp\htdocs\myproject\vendor\project\core\Router.php|Строка:45
============
[2019-01-15 16:48:28] Текст ошибки: Страница не найдена| Файл:C:\xampp\htdocs\myproject\vendor\project\core\Router.php|Строка:45
============
[2019-01-15 16:48:29] Текст ошибки: Страница не найдена| Файл:C:\xampp\htdocs\myproject\vendor\project\core\Router.php|Строка:45
============
[2019-01-15 16:48:30] Текст ошибки: Страница не найдена| Файл:C:\xampp\htdocs\myproject\vendor\project\core\Router.php|Строка:45
============
[2019-01-15 16:48:33] Текст ошибки: Страница не найдена| Файл:C:\xampp\htdocs\myproject\vendor\project\core\Router.php|Строка:45
============
[2019-01-15 17:01:39] Текст ошибки: Страница не найдена| Файл:C:\xampp\htdocs\myproject\vendor\project\core\Router.php|Строка:45
============
[2019-01-15 17:01:42] Текст ошибки: Страница не найдена| Файл:C:\xampp\htdocs\myproject\vendor\project\core\Router.php|Строка:45
============
[2019-01-15 17:01:48] Текст ошибки: Страница не найдена| Файл:C:\xampp\htdocs\myproject\vendor\project\core\Router.php|Строка:45
============
[2019-01-15 17:02:27] Текст ошибки: Страница не найдена| Файл:C:\xampp\htdocs\myproject\vendor\project\core\Router.php|Строка:45
============
[2019-01-15 17:02:33] Текст ошибки: Страница не найдена| Файл:C:\xampp\htdocs\myproject\vendor\project\core\Router.php|Строка:45
============
[2019-01-15 17:02:34] Текст ошибки: Страница не найдена| Файл:C:\xampp\htdocs\myproject\vendor\project\core\Router.php|Строка:45
============
[2019-01-15 17:02:46] Текст ошибки: Страница не найдена| Файл:C:\xampp\htdocs\myproject\vendor\project\core\Router.php|Строка:45
============
[2019-01-15 17:03:07] Текст ошибки: Страница не найдена| Файл:C:\xampp\htdocs\myproject\vendor\project\core\Router.php|Строка:45
============
[2019-01-15 17:04:21] Текст ошибки: Страница не найдена| Файл:C:\xampp\htdocs\myproject\vendor\project\core\Router.php|Строка:45
============
[2019-01-15 17:07:26] Текст ошибки: Страница не найдена| Файл:C:\xampp\htdocs\myproject\vendor\project\core\Router.php|Строка:45
============
[2019-01-15 17:08:30] Текст ошибки: Страница не найдена| Файл:C:\xampp\htdocs\myproject\vendor\project\core\Router.php|Строка:45
============
[2019-01-15 17:11:09] Текст ошибки: Страница не найдена| Файл:C:\xampp\htdocs\myproject\vendor\project\core\Router.php|Строка:45
============
[2019-01-15 17:12:02] Текст ошибки: Страница не найдена| Файл:C:\xampp\htdocs\myproject\vendor\project\core\Router.php|Строка:45
============
[2019-01-15 18:01:28] Текст ошибки: Страница не найдена| Файл:C:\xampp\htdocs\myproject\vendor\project\core\Router.php|Строка:45
============
[2019-01-15 18:08:14] Текст ошибки: Страница не найдена| Файл:C:\xampp\htdocs\myproject\vendor\project\core\Router.php|Строка:45
============
[2019-01-15 21:44:29] Текст ошибки: Call to undefined method mysqli::bind_param()| Файл:C:\xampp\htdocs\myproject\app\controllers\AuthController.php|Строка:29
============
[2019-01-15 21:45:26] Текст ошибки: Call to undefined method mysqli::bind_param()| Файл:C:\xampp\htdocs\myproject\app\controllers\AuthController.php|Строка:29
============
[2019-01-15 21:45:29] Текст ошибки: Call to undefined method mysqli::bind_param()| Файл:C:\xampp\htdocs\myproject\app\controllers\AuthController.php|Строка:29
============
[2019-01-15 21:47:22] Текст ошибки: Call to undefined method mysqli::bind_param()| Файл:C:\xampp\htdocs\myproject\app\controllers\AuthController.php|Строка:29
============
[2019-01-15 21:47:46] Текст ошибки: Call to undefined method mysqli::bind_param()| Файл:C:\xampp\htdocs\myproject\app\controllers\AuthController.php|Строка:29
============
[2019-01-15 21:47:47] Текст ошибки: Call to undefined method mysqli::bind_param()| Файл:C:\xampp\htdocs\myproject\app\controllers\AuthController.php|Строка:29
============
[2019-01-15 21:48:18] Текст ошибки: Call to undefined method mysqli::bind_param()| Файл:C:\xampp\htdocs\myproject\app\controllers\AuthController.php|Строка:30
============
[2019-01-15 21:50:42] Текст ошибки: Call to undefined method mysqli::bind_param()| Файл:C:\xampp\htdocs\myproject\app\controllers\AuthController.php|Строка:32
============
[2019-01-15 22:33:13] Текст ошибки: syntax error, unexpected '}'| Файл:C:\xampp\htdocs\myproject\app\controllers\AuthController.php|Строка:31
============
[2019-01-15 22:33:34] Текст ошибки: syntax error, unexpected ';', expecting ']'| Файл:C:\xampp\htdocs\myproject\app\controllers\AuthController.php|Строка:37
============
[2019-01-15 22:34:34] Текст ошибки: Некоректный логин| Файл:C:\xampp\htdocs\myproject\app\controllers\AuthController.php|Строка:25
============
[2019-01-15 23:39:58] Текст ошибки: Страница не найдена| Файл:C:\xampp\htdocs\myproject\vendor\project\core\Router.php|Строка:45
============
[2019-01-16 08:32:54] Текст ошибки: Call to a member function prepare() on null| Файл:C:\xampp\htdocs\myproject\app\controllers\AuthController.php|Строка:69
============
[2019-01-16 08:33:12] Текст ошибки: Call to a member function prepare() on null| Файл:C:\xampp\htdocs\myproject\app\controllers\AuthController.php|Строка:69
============
[2019-01-16 08:33:19] Текст ошибки: Call to a member function prepare() on null| Файл:C:\xampp\htdocs\myproject\app\controllers\AuthController.php|Строка:69
============
[2019-01-16 08:34:09] Текст ошибки: Too few arguments to function app\controllers\Controller::view(), 1 passed in C:\xampp\htdocs\myproject\app\controllers\AuthController.php on line 12 and exactly 2 expected| Файл:C:\xampp\htdocs\myproject\app\controllers\Controller.php|Строка:10
============
[2019-01-16 08:34:38] Текст ошибки: Call to a member function prepare() on null| Файл:C:\xampp\htdocs\myproject\app\controllers\AuthController.php|Строка:73
============
[2019-01-16 09:07:19] Текст ошибки: Call to undefined function iseet()| Файл:C:\xampp\htdocs\myproject\app\templates\home.php|Строка:6
============
[2019-01-16 09:09:25] Текст ошибки: Страница не найдена| Файл:C:\xampp\htdocs\myproject\vendor\project\core\Router.php|Строка:45
============
[2019-01-16 09:09:25] Текст ошибки: Страница не найдена| Файл:C:\xampp\htdocs\myproject\vendor\project\core\Router.php|Строка:45
============
[2019-01-16 09:09:38] Текст ошибки: Страница не найдена| Файл:C:\xampp\htdocs\myproject\vendor\project\core\Router.php|Строка:45
============
[2019-01-16 09:10:26] Текст ошибки: Страница не найдена| Файл:C:\xampp\htdocs\myproject\vendor\project\core\Router.php|Строка:45
============
[2019-01-16 09:11:57] Текст ошибки: Страница не найдена| Файл:C:\xampp\htdocs\myproject\vendor\project\core\Router.php|Строка:45
============
[2019-01-16 09:52:58] Текст ошибки: Страница не найдена| Файл:C:\xampp\htdocs\myproject\vendor\project\core\Router.php|Строка:45
============
[2019-01-16 09:59:32] Текст ошибки: Страница не найдена| Файл:C:\xampp\htdocs\myproject\vendor\project\core\Router.php|Строка:45
============
[2019-01-16 10:08:37] Текст ошибки: Страница не найдена| Файл:C:\xampp\htdocs\myproject\vendor\project\core\Router.php|Строка:45
============
[2019-01-16 10:09:53] Текст ошибки: Call to undefined method app\controllers\AuthController::logout()| Файл:C:\xampp\htdocs\myproject\vendor\project\core\Router.php|Строка:40
============
[2019-01-16 10:17:55] Текст ошибки: Контроллер app\controllers\admin\AdminController не найден| Файл:C:\xampp\htdocs\myproject\vendor\project\core\Router.php|Строка:42
============
[2019-01-16 10:19:04] Текст ошибки: Контроллер app\controllers\admin\AdminController не найден| Файл:C:\xampp\htdocs\myproject\vendor\project\core\Router.php|Строка:42
============
[2019-01-16 10:20:49] Текст ошибки: Class 'app\controllers\admin\Model' not found| Файл:C:\xampp\htdocs\myproject\app\controllers\admin\AdminController.php|Строка:7
============
[2019-01-16 10:53:54] Текст ошибки: Страница не найдена| Файл:C:\xampp\htdocs\myproject\vendor\project\core\Router.php|Строка:45
============
[2019-01-16 10:53:54] Текст ошибки: Страница не найдена| Файл:C:\xampp\htdocs\myproject\vendor\project\core\Router.php|Строка:45
============
[2019-01-16 10:53:54] Текст ошибки: Страница не найдена| Файл:C:\xampp\htdocs\myproject\vendor\project\core\Router.php|Строка:45
============
[2019-01-16 10:53:54] Текст ошибки: Страница не найдена| Файл:C:\xampp\htdocs\myproject\vendor\project\core\Router.php|Строка:45
============
[2019-01-16 10:53:54] Текст ошибки: Страница не найдена| Файл:C:\xampp\htdocs\myproject\vendor\project\core\Router.php|Строка:45
============
[2019-01-16 10:53:54] Текст ошибки: Страница не найдена| Файл:C:\xampp\htdocs\myproject\vendor\project\core\Router.php|Строка:45
============
[2019-01-16 10:53:54] Текст ошибки: Страница не найдена| Файл:C:\xampp\htdocs\myproject\vendor\project\core\Router.php|Строка:45
============
[2019-01-16 10:53:54] Текст ошибки: Страница не найдена| Файл:C:\xampp\htdocs\myproject\vendor\project\core\Router.php|Строка:45
============
[2019-01-16 10:53:54] Текст ошибки: Страница не найдена| Файл:C:\xampp\htdocs\myproject\vendor\project\core\Router.php|Строка:45
============
[2019-01-16 10:53:54] Текст ошибки: Страница не найдена| Файл:C:\xampp\htdocs\myproject\vendor\project\core\Router.php|Строка:45
============
[2019-01-16 10:53:54] Текст ошибки: Страница не найдена| Файл:C:\xampp\htdocs\myproject\vendor\project\core\Router.php|Строка:45
============
[2019-01-16 10:53:54] Текст ошибки: Страница не найдена| Файл:C:\xampp\htdocs\myproject\vendor\project\core\Router.php|Строка:45
============
[2019-01-16 10:53:54] Текст ошибки: Страница не найдена| Файл:C:\xampp\htdocs\myproject\vendor\project\core\Router.php|Строка:45
============
[2019-01-16 10:53:54] Текст ошибки: Страница не найдена| Файл:C:\xampp\htdocs\myproject\vendor\project\core\Router.php|Строка:45
============
[2019-01-16 10:53:54] Текст ошибки: Страница не найдена| Файл:C:\xampp\htdocs\myproject\vendor\project\core\Router.php|Строка:45
============
[2019-01-16 10:53:54] Текст ошибки: Страница не найдена| Файл:C:\xampp\htdocs\myproject\vendor\project\core\Router.php|Строка:45
============
[2019-01-16 10:53:54] Текст ошибки: Страница не найдена| Файл:C:\xampp\htdocs\myproject\vendor\project\core\Router.php|Строка:45
============
[2019-01-16 10:53:54] Текст ошибки: Страница не найдена| Файл:C:\xampp\htdocs\myproject\vendor\project\core\Router.php|Строка:45
============
[2019-01-16 10:53:54] Текст ошибки: Страница не найдена| Файл:C:\xampp\htdocs\myproject\vendor\project\core\Router.php|Строка:45
============
[2019-01-16 10:53:54] Текст ошибки: Страница не найдена| Файл:C:\xampp\htdocs\myproject\vendor\project\core\Router.php|Строка:45
============
[2019-01-16 10:53:54] Текст ошибки: Страница не найдена| Файл:C:\xampp\htdocs\myproject\vendor\project\core\Router.php|Строка:45
============
[2019-01-16 10:53:54] Текст ошибки: Страница не найдена| Файл:C:\xampp\htdocs\myproject\vendor\project\core\Router.php|Строка:45
============
[2019-01-16 10:53:54] Текст ошибки: Страница не найдена| Файл:C:\xampp\htdocs\myproject\vendor\project\core\Router.php|Строка:45
============
[2019-01-16 10:53:54] Текст ошибки: Страница не найдена| Файл:C:\xampp\htdocs\myproject\vendor\project\core\Router.php|Строка:45
============
[2019-01-16 10:53:54] Текст ошибки: Страница не найдена| Файл:C:\xampp\htdocs\myproject\vendor\project\core\Router.php|Строка:45
============
[2019-01-16 10:53:54] Текст ошибки: Страница не найдена| Файл:C:\xampp\htdocs\myproject\vendor\project\core\Router.php|Строка:45
============
[2019-01-16 10:53:54] Текст ошибки: Страница не найдена| Файл:C:\xampp\htdocs\myproject\vendor\project\core\Router.php|Строка:45
============
[2019-01-16 10:53:54] Текст ошибки: Страница не найдена| Файл:C:\xampp\htdocs\myproject\vendor\project\core\Router.php|Строка:45
============
[2019-01-16 10:53:54] Текст ошибки: Страница не найдена| Файл:C:\xampp\htdocs\myproject\vendor\project\core\Router.php|Строка:45
============
[2019-01-16 10:53:54] Текст ошибки: Страница не найдена| Файл:C:\xampp\htdocs\myproject\vendor\project\core\Router.php|Строка:45
============
[2019-01-16 10:53:54] Текст ошибки: Страница не найдена| Файл:C:\xampp\htdocs\myproject\vendor\project\core\Router.php|Строка:45
============
[2019-01-16 10:53:54] Текст ошибки: Страница не найдена| Файл:C:\xampp\htdocs\myproject\vendor\project\core\Router.php|Строка:45
============
[2019-01-16 10:53:54] Текст ошибки: Страница не найдена| Файл:C:\xampp\htdocs\myproject\vendor\project\core\Router.php|Строка:45
============
[2019-01-16 10:53:54] Текст ошибки: Страница не найдена| Файл:C:\xampp\htdocs\myproject\vendor\project\core\Router.php|Строка:45
============
[2019-01-16 10:53:54] Текст ошибки: Страница не найдена| Файл:C:\xampp\htdocs\myproject\vendor\project\core\Router.php|Строка:45
============
[2019-01-16 10:53:55] Текст ошибки: Страница не найдена| Файл:C:\xampp\htdocs\myproject\vendor\project\core\Router.php|Строка:45
============
[2019-01-16 10:53:55] Текст ошибки: Страница не найдена| Файл:C:\xampp\htdocs\myproject\vendor\project\core\Router.php|Строка:45
============
[2019-01-16 10:53:55] Текст ошибки: Страница не найдена| Файл:C:\xampp\htdocs\myproject\vendor\project\core\Router.php|Строка:45
============
[2019-01-16 10:53:55] Текст ошибки: Страница не найдена| Файл:C:\xampp\htdocs\myproject\vendor\project\core\Router.php|Строка:45
============
[2019-01-16 10:53:55] Текст ошибки: Страница не найдена| Файл:C:\xampp\htdocs\myproject\vendor\project\core\Router.php|Строка:45
============
[2019-01-16 10:53:55] Текст ошибки: Страница не найдена| Файл:C:\xampp\htdocs\myproject\vendor\project\core\Router.php|Строка:45
============
[2019-01-16 10:53:55] Текст ошибки: Страница не найдена| Файл:C:\xampp\htdocs\myproject\vendor\project\core\Router.php|Строка:45
============
[2019-01-16 10:53:55] Текст ошибки: Страница не найдена| Файл:C:\xampp\htdocs\myproject\vendor\project\core\Router.php|Строка:45
============
[2019-01-16 10:53:55] Текст ошибки: Страница не найдена| Файл:C:\xampp\htdocs\myproject\vendor\project\core\Router.php|Строка:45
============
[2019-01-16 10:53:55] Текст ошибки: Страница не найдена| Файл:C:\xampp\htdocs\myproject\vendor\project\core\Router.php|Строка:45
============
[2019-01-16 10:53:55] Текст ошибки: Страница не найдена| Файл:C:\xampp\htdocs\myproject\vendor\project\core\Router.php|Строка:45
============
[2019-01-16 10:53:55] Текст ошибки: Страница не найдена| Файл:C:\xampp\htdocs\myproject\vendor\project\core\Router.php|Строка:45
============
[2019-01-16 10:53:55] Текст ошибки: Страница не найдена| Файл:C:\xampp\htdocs\myproject\vendor\project\core\Router.php|Строка:45
============
[2019-01-16 10:53:55] Текст ошибки: Страница не найдена| Файл:C:\xampp\htdocs\myproject\vendor\project\core\Router.php|Строка:45
============
[2019-01-16 11:07:00] Текст ошибки: Страница не найдена| Файл:C:\xampp\htdocs\myproject\vendor\project\core\Router.php|Строка:45
============
[2019-01-16 11:07:00] Текст ошибки: Страница не найдена| Файл:C:\xampp\htdocs\myproject\vendor\project\core\Router.php|Строка:45
============
[2019-01-16 11:07:00] Текст ошибки: Страница не найдена| Файл:C:\xampp\htdocs\myproject\vendor\project\core\Router.php|Строка:45
============
[2019-01-16 11:07:00] Текст ошибки: Страница не найдена| Файл:C:\xampp\htdocs\myproject\vendor\project\core\Router.php|Строка:45
============
[2019-01-16 11:07:00] Текст ошибки: Страница не найдена| Файл:C:\xampp\htdocs\myproject\vendor\project\core\Router.php|Строка:45
============
[2019-01-16 11:07:00] Текст ошибки: Страница не найдена| Файл:C:\xampp\htdocs\myproject\vendor\project\core\Router.php|Строка:45
============
[2019-01-16 11:07:00] Текст ошибки: Страница не найдена| Файл:C:\xampp\htdocs\myproject\vendor\project\core\Router.php|Строка:45
============
[2019-01-16 11:07:00] Текст ошибки: Страница не найдена| Файл:C:\xampp\htdocs\myproject\vendor\project\core\Router.php|Строка:45
============
[2019-01-16 11:07:00] Текст ошибки: Страница не найдена| Файл:C:\xampp\htdocs\myproject\vendor\project\core\Router.php|Строка:45
============
[2019-01-16 11:07:01] Текст ошибки: Страница не найдена| Файл:C:\xampp\htdocs\myproject\vendor\project\core\Router.php|Строка:45
============
[2019-01-16 11:07:01] Текст ошибки: Страница не найдена| Файл:C:\xampp\htdocs\myproject\vendor\project\core\Router.php|Строка:45
============
[2019-01-16 11:07:01] Текст ошибки: Страница не найдена| Файл:C:\xampp\htdocs\myproject\vendor\project\core\Router.php|Строка:45
============
[2019-01-16 11:07:01] Текст ошибки: Страница не найдена| Файл:C:\xampp\htdocs\myproject\vendor\project\core\Router.php|Строка:45
============
[2019-01-16 11:07:01] Текст ошибки: Страница не найдена| Файл:C:\xampp\htdocs\myproject\vendor\project\core\Router.php|Строка:45
============
[2019-01-16 11:07:01] Текст ошибки: Страница не найдена| Файл:C:\xampp\htdocs\myproject\vendor\project\core\Router.php|Строка:45
============
[2019-01-16 11:07:01] Текст ошибки: Страница не найдена| Файл:C:\xampp\htdocs\myproject\vendor\project\core\Router.php|Строка:45
============
[2019-01-16 11:07:01] Текст ошибки: Страница не найдена| Файл:C:\xampp\htdocs\myproject\vendor\project\core\Router.php|Строка:45
============
[2019-01-16 11:07:01] Текст ошибки: Страница не найдена| Файл:C:\xampp\htdocs\myproject\vendor\project\core\Router.php|Строка:45
============
[2019-01-16 11:07:01] Текст ошибки: Страница не найдена| Файл:C:\xampp\htdocs\myproject\vendor\project\core\Router.php|Строка:45
============
[2019-01-16 11:07:01] Текст ошибки: Страница не найдена| Файл:C:\xampp\htdocs\myproject\vendor\project\core\Router.php|Строка:45
============
[2019-01-16 11:07:01] Текст ошибки: Страница не найдена| Файл:C:\xampp\htdocs\myproject\vendor\project\core\Router.php|Строка:45
============
[2019-01-16 11:07:01] Текст ошибки: Страница не найдена| Файл:C:\xampp\htdocs\myproject\vendor\project\core\Router.php|Строка:45
============
[2019-01-16 11:07:01] Текст ошибки: Страница не найдена| Файл:C:\xampp\htdocs\myproject\vendor\project\core\Router.php|Строка:45
============
[2019-01-16 11:07:01] Текст ошибки: Страница не найдена| Файл:C:\xampp\htdocs\myproject\vendor\project\core\Router.php|Строка:45
============
[2019-01-16 11:07:01] Текст ошибки: Страница не найдена| Файл:C:\xampp\htdocs\myproject\vendor\project\core\Router.php|Строка:45
============
[2019-01-16 11:07:01] Текст ошибки: Страница не найдена| Файл:C:\xampp\htdocs\myproject\vendor\project\core\Router.php|Строка:45
============
[2019-01-16 11:07:01] Текст ошибки: Страница не найдена| Файл:C:\xampp\htdocs\myproject\vendor\project\core\Router.php|Строка:45
============
[2019-01-16 11:07:01] Текст ошибки: Страница не найдена| Файл:C:\xampp\htdocs\myproject\vendor\project\core\Router.php|Строка:45
============
[2019-01-16 11:07:01] Текст ошибки: Страница не найдена| Файл:C:\xampp\htdocs\myproject\vendor\project\core\Router.php|Строка:45
============
[2019-01-16 11:07:01] Текст ошибки: Страница не найдена| Файл:C:\xampp\htdocs\myproject\vendor\project\core\Router.php|Строка:45
============
[2019-01-16 11:07:01] Текст ошибки: Страница не найдена| Файл:C:\xampp\htdocs\myproject\vendor\project\core\Router.php|Строка:45
============
[2019-01-16 11:07:01] Текст ошибки: Страница не найдена| Файл:C:\xampp\htdocs\myproject\vendor\project\core\Router.php|Строка:45
============
[2019-01-16 11:07:01] Текст ошибки: Страница не найдена| Файл:C:\xampp\htdocs\myproject\vendor\project\core\Router.php|Строка:45
============
[2019-01-16 11:07:01] Текст ошибки: Страница не найдена| Файл:C:\xampp\htdocs\myproject\vendor\project\core\Router.php|Строка:45
============
[2019-01-16 11:07:01] Текст ошибки: Страница не найдена| Файл:C:\xampp\htdocs\myproject\vendor\project\core\Router.php|Строка:45
============
[2019-01-16 11:07:01] Текст ошибки: Страница не найдена| Файл:C:\xampp\htdocs\myproject\vendor\project\core\Router.php|Строка:45
============
[2019-01-16 11:07:01] Текст ошибки: Страница не найдена| Файл:C:\xampp\htdocs\myproject\vendor\project\core\Router.php|Строка:45
============
[2019-01-16 11:07:01] Текст ошибки: Страница не найдена| Файл:C:\xampp\htdocs\myproject\vendor\project\core\Router.php|Строка:45
============
[2019-01-16 11:07:01] Текст ошибки: Страница не найдена| Файл:C:\xampp\htdocs\myproject\vendor\project\core\Router.php|Строка:45
============
[2019-01-16 11:07:01] Текст ошибки: Страница не найдена| Файл:C:\xampp\htdocs\myproject\vendor\project\core\Router.php|Строка:45
============
[2019-01-16 11:07:01] Текст ошибки: Страница не найдена| Файл:C:\xampp\htdocs\myproject\vendor\project\core\Router.php|Строка:45
============
[2019-01-16 11:07:01] Текст ошибки: Страница не найдена| Файл:C:\xampp\htdocs\myproject\vendor\project\core\Router.php|Строка:45
============
[2019-01-16 11:07:01] Текст ошибки: Страница не найдена| Файл:C:\xampp\htdocs\myproject\vendor\project\core\Router.php|Строка:45
============
[2019-01-16 11:07:01] Текст ошибки: Страница не найдена| Файл:C:\xampp\htdocs\myproject\vendor\project\core\Router.php|Строка:45
============
[2019-01-16 11:07:01] Текст ошибки: Страница не найдена| Файл:C:\xampp\htdocs\myproject\vendor\project\core\Router.php|Строка:45
============
[2019-01-16 11:07:01] Текст ошибки: Страница не найдена| Файл:C:\xampp\htdocs\myproject\vendor\project\core\Router.php|Строка:45
============
[2019-01-16 11:07:01] Текст ошибки: Страница не найдена| Файл:C:\xampp\htdocs\myproject\vendor\project\core\Router.php|Строка:45
============
[2019-01-16 11:07:01] Текст ошибки: Страница не найдена| Файл:C:\xampp\htdocs\myproject\vendor\project\core\Router.php|Строка:45
============
[2019-01-16 12:06:54] Текст ошибки: Страница не найдена| Файл:C:\xampp\htdocs\myproject\vendor\project\core\Router.php|Строка:45
============
[2019-01-16 12:06:59] Текст ошибки: Страница не найдена| Файл:C:\xampp\htdocs\myproject\vendor\project\core\Router.php|Строка:45
============
[2019-01-16 12:11:35] Текст ошибки: Страница не найдена| Файл:C:\xampp\htdocs\myproject\vendor\project\core\Router.php|Строка:45
============
[2019-01-16 12:11:47] Текст ошибки: Страница не найдена| Файл:C:\xampp\htdocs\myproject\vendor\project\core\Router.php|Строка:45
============
[2019-01-16 12:17:03] Текст ошибки: Страница не найдена| Файл:C:\xampp\htdocs\myproject\vendor\project\core\Router.php|Строка:45
============
[2019-01-16 12:44:39] Текст ошибки: Страница не найдена| Файл:C:\xampp\htdocs\myproject\vendor\project\core\Router.php|Строка:45
============
[2019-01-16 12:46:51] Текст ошибки: Страница не найдена| Файл:C:\xampp\htdocs\myproject\vendor\project\core\Router.php|Строка:45
============
[2019-01-16 12:59:44] Текст ошибки: Страница не найдена| Файл:C:\xampp\htdocs\myproject\vendor\project\core\Router.php|Строка:45
============
[2019-01-16 13:00:57] Текст ошибки: Страница не найдена| Файл:C:\xampp\htdocs\myproject\vendor\project\core\Router.php|Строка:45
============
[2019-01-16 13:01:20] Текст ошибки: Страница не найдена| Файл:C:\xampp\htdocs\myproject\vendor\project\core\Router.php|Строка:45
============
[2019-01-16 13:01:25] Текст ошибки: Страница не найдена| Файл:C:\xampp\htdocs\myproject\vendor\project\core\Router.php|Строка:45
============
[2019-01-16 13:01:42] Текст ошибки: Страница не найдена| Файл:C:\xampp\htdocs\myproject\vendor\project\core\Router.php|Строка:45
============
[2019-01-16 13:02:04] Текст ошибки: Страница не найдена| Файл:C:\xampp\htdocs\myproject\vendor\project\core\Router.php|Строка:45
============
[2019-01-16 13:02:06] Текст ошибки: Страница не найдена| Файл:C:\xampp\htdocs\myproject\vendor\project\core\Router.php|Строка:45
============
[2019-01-16 13:02:13] Текст ошибки: Страница не найдена| Файл:C:\xampp\htdocs\myproject\vendor\project\core\Router.php|Строка:45
============
[2019-01-16 13:02:20] Текст ошибки: Страница не найдена| Файл:C:\xampp\htdocs\myproject\vendor\project\core\Router.php|Строка:45
============
[2019-01-16 13:02:46] Текст ошибки: Страница не найдена| Файл:C:\xampp\htdocs\myproject\vendor\project\core\Router.php|Строка:45
============
[2019-01-16 13:09:21] Текст ошибки: Страница не найдена| Файл:C:\xampp\htdocs\myproject\vendor\project\core\Router.php|Строка:45
============
[2019-01-16 14:16:07] Текст ошибки: Страница не найдена| Файл:C:\xampp\htdocs\myproject\vendor\project\core\Router.php|Строка:45
============
[2019-01-16 14:18:58] Текст ошибки: Страница не найдена| Файл:C:\xampp\htdocs\myproject\vendor\project\core\Router.php|Строка:45
============
[2019-01-16 14:20:12] Текст ошибки: Страница не найдена| Файл:C:\xampp\htdocs\myproject\vendor\project\core\Router.php|Строка:45
============
[2019-01-16 14:24:24] Текст ошибки: Страница не найдена| Файл:C:\xampp\htdocs\myproject\vendor\project\core\Router.php|Строка:45
============
[2019-01-16 14:24:32] Текст ошибки: Страница не найдена| Файл:C:\xampp\htdocs\myproject\vendor\project\core\Router.php|Строка:45
============
[2019-01-16 14:25:12] Текст ошибки: Страница не найдена| Файл:C:\xampp\htdocs\myproject\vendor\project\core\Router.php|Строка:45
============
[2019-01-16 14:29:02] Текст ошибки: Call to undefined method app\controllers\admin\AdminController::edit()| Файл:C:\xampp\htdocs\myproject\vendor\project\core\Router.php|Строка:40
============
[2019-01-16 14:30:05] Текст ошибки: Call to undefined method app\controllers\admin\AdminController::edit()| Файл:C:\xampp\htdocs\myproject\vendor\project\core\Router.php|Строка:40
============
[2019-01-16 14:48:54] Текст ошибки: Страница не найдена| Файл:C:\xampp\htdocs\myproject\vendor\project\core\Router.php|Строка:45
============
[2019-01-16 14:49:19] Текст ошибки: Страница не найдена| Файл:C:\xampp\htdocs\myproject\vendor\project\core\Router.php|Строка:45
============
[2019-01-16 14:50:00] Текст ошибки: Call to undefined method app\controllers\admin\AdminController::qqq()| Файл:C:\xampp\htdocs\myproject\vendor\project\core\Router.php|Строка:40
============
[2019-01-16 15:08:25] Текст ошибки: Call to a member function bind_param() on boolean| Файл:C:\xampp\htdocs\myproject\app\controllers\admin\AdminController.php|Строка:61
============
[2019-01-16 15:09:51] Текст ошибки: Call to a member function bind_param() on boolean| Файл:C:\xampp\htdocs\myproject\app\controllers\admin\AdminController.php|Строка:61
============
[2019-01-16 15:16:23] Текст ошибки: Call to a member function bind_param() on boolean| Файл:C:\xampp\htdocs\myproject\app\controllers\admin\AdminController.php|Строка:61
============
[2019-01-16 15:34:30] Текст ошибки: Call to a member function bind_param() on boolean| Файл:C:\xampp\htdocs\myproject\app\controllers\admin\AdminController.php|Строка:61
============
[2019-01-16 16:03:29] Текст ошибки: Страница не найдена| Файл:C:\xampp\htdocs\myproject\vendor\project\core\Router.php|Строка:45
============
[2019-01-16 16:14:29] Текст ошибки: Call to a member function prepare() on null| Файл:C:\xampp\htdocs\myproject\app\controllers\AuthController.php|Строка:68
============
[2019-01-16 16:14:56] Текст ошибки: Call to a member function prepare() on null| Файл:C:\xampp\htdocs\myproject\app\controllers\AuthController.php|Строка:68
============
[2019-01-16 16:18:10] Текст ошибки: Страница не найдена| Файл:C:\xampp\htdocs\myproject\vendor\project\core\Router.php|Строка:45
============
[2019-01-16 16:34:24] Текст ошибки: Call to a member function bind_param() on boolean| Файл:C:\xampp\htdocs\myproject\app\controllers\admin\AdminController.php|Строка:40
============
[2019-01-16 16:35:37] Текст ошибки: Страница не найдена| Файл:C:\xampp\htdocs\myproject\vendor\project\core\Router.php|Строка:45
============
[2019-01-16 16:42:52] Текст ошибки: Страница не найдена| Файл:C:\xampp\htdocs\myproject\vendor\project\core\Router.php|Строка:45
============
